 

Enter Dimensions of Bounding box (X rows, Y columns)
	X:	5

	Y:	5
E E E E E 
E E E E E 
E E E E E 
E E E E E 
E E E E E 

-----------------------------

Enter the number of live cells to start with:	9

 Enter x and y index of the cell:	0
3

 Enter x and y index of the cell:	0
4

 Enter x and y index of the cell:	1
2

 Enter x and y index of the cell:	1
4

 Enter x and y index of the cell:	2
2

 Enter x and y index of the cell:	3
0

 Enter x and y index of the cell:	3
2

 Enter x and y index of the cell:	4
0

 Enter x and y index of the cell:	4
1

How many iterations?(default of 5):	3
E E E F F 
E E F E F 
E E F E E 
F E F E E 
F F E E E 

-----------------------------
E E E F F 
E E F E F 
E E F E E 
F E F E E 
F F E E E 

-----------------------------
E E E F F 
E E F E F 
E E F E E 
F E F E E 
F F E E E 

-----------------------------
