 

Enter Dimensions of Bounding box (X rows, Y columns)
	X:	5

	Y:	5
E E E E E 
E E E E E 
E E E E E 
E E E E E 
E E E E E 

-----------------------------

Enter the number of live cells to start with:	9

 Enter x and y index of the cell:	0
1

 Enter x and y index of the cell:	0
4

 Enter x and y index of the cell:	1
0

 Enter x and y index of the cell:	2
0

 Enter x and y index of the cell:	2
4

 Enter x and y index of the cell:	3
0

 Enter x and y index of the cell:	3
1

 Enter x and y index of the cell:	3
2

 Enter x and y index of the cell:	3
3

How many iterations?(default of 5):	6
E F E E F 
F E E E E 
F E E E F 
F F F F E 
E E E E E 

-----------------------------
E E E E E 
F F E E E 
F E F F E 
F F F F E 
E F F E E 

-----------------------------
E E E E E 
F F F E E 
F E F F E 
F F F F E 
F F F F E 

-----------------------------
E F E E E 
F F F F E 
F E F F E 
F F F F F 
F F F F E 

-----------------------------
F F E E E 
F F F F E 
F E F F E 
F F F F F 
F F F F F 

-----------------------------
F F E E E 
F F F F E 
F E F F E 
F F F F F 
F F F F F 

-----------------------------
